

Version:	3.50
CmdLine:	C:\Users\PHU\Downloads\PrivateHealthcareFacility\PrivateHealthcareFacility\src\images\trhth.exe --l4j-debug
JNI:		No
WOW64:		Yes
Working dir:	C:\Users\PHU\Downloads\PrivateHealthcareFacility\PrivateHealthcareFacility\src\images\.
Requires JDK:	No
Requires 64-Bit: No
Java min ver:	
Java max ver:	
JRE paths:	C:\Users\PHU\Downloads\jdk-21_windows-x64_bin\jdk-21.0.2
Check launcher:	C:\Users\PHU\Downloads\jdk-21_windows-x64_bin\jdk-21.0.2\bin\javaw.exe (OK)
Version string: 1.021.000_002 / 64-Bit (OK)
Launcher:	C:\Users\PHU\Downloads\jdk-21_windows-x64_bin\jdk-21.0.2\bin\javaw.exe
Launcher args:	-jar "C:\Users\PHU\Downloads\PrivateHealthcareFacility\PrivateHealthcareFacility\src\images\trhth.exe"
Args length:	102/32768 chars
Exit code:	0


Version:	3.50
CmdLine:	C:\Users\PHU\Downloads\PrivateHealthcareFacility\PrivateHealthcareFacility\src\images\trhth.exe --l4j-debug
JNI:		No
WOW64:		Yes
Working dir:	C:\Users\PHU\Downloads\PrivateHealthcareFacility\PrivateHealthcareFacility\src\images\.
Requires JDK:	No
Requires 64-Bit: No
Java min ver:	
Java max ver:	
JRE paths:	C:\Users\PHU\Downloads\jdk-21_windows-x64_bin\jdk-21.0.2
Check launcher:	C:\Users\PHU\Downloads\jdk-21_windows-x64_bin\jdk-21.0.2\bin\javaw.exe (OK)
Version string: 1.021.000_002 / 64-Bit (OK)
Launcher:	C:\Users\PHU\Downloads\jdk-21_windows-x64_bin\jdk-21.0.2\bin\javaw.exe
Launcher args:	-jar "C:\Users\PHU\Downloads\PrivateHealthcareFacility\PrivateHealthcareFacility\src\images\trhth.exe"
Args length:	102/32768 chars
Exit code:	0


Version:	3.50
CmdLine:	C:\Users\PHU\Downloads\PrivateHealthcareFacility\PrivateHealthcareFacility\src\images\trhth.exe --l4j-debug
JNI:		No
WOW64:		Yes
Working dir:	C:\Users\PHU\Downloads\PrivateHealthcareFacility\PrivateHealthcareFacility\src\images\.
Requires JDK:	No
Requires 64-Bit: No
Java min ver:	
Java max ver:	
JRE paths:	C:\Users\PHU\Downloads\jdk-21_windows-x64_bin\jdk-21.0.2
Check launcher:	C:\Users\PHU\Downloads\jdk-21_windows-x64_bin\jdk-21.0.2\bin\javaw.exe (OK)
Version string: 1.021.000_002 / 64-Bit (OK)
Launcher:	C:\Users\PHU\Downloads\jdk-21_windows-x64_bin\jdk-21.0.2\bin\javaw.exe
Launcher args:	-jar "C:\Users\PHU\Downloads\PrivateHealthcareFacility\PrivateHealthcareFacility\src\images\trhth.exe"
Args length:	102/32768 chars
Exit code:	0
